\BOOKMARK [0][-]{chapter.1}{\376\377\205\233\133\232\214\024\145\271\172\013}{}% 1
\BOOKMARK [1][-]{section.1.1}{\376\377\221\317\133\120\123\026\133\146}{chapter.1}% 2
\BOOKMARK [1][-]{section.1.2}{\376\377\221\317\133\120\122\233\133\146\166\204\123\206\123\362\200\314\146\157}{chapter.1}% 3
\BOOKMARK [1][-]{section.1.3}{\376\377\116\015\170\156\133\232\140\047\123\237\164\006}{chapter.1}% 4
\BOOKMARK [1][-]{section.1.4}{\376\377\124\053\145\366\205\233\133\232\214\024\145\271\172\013}{chapter.1}% 5
\BOOKMARK [1][-]{section.1.5}{\376\377\133\232\140\001\205\233\133\232\214\024\145\271\172\013}{chapter.1}% 6
\BOOKMARK [1][-]{section.1.6}{\376\377\151\202\163\207}{chapter.1}% 7
\BOOKMARK [1][-]{section.1.7}{\376\377\131\015\145\160}{chapter.1}% 8
\BOOKMARK [1][-]{section.1.8}{\376\377\123\125\117\115}{chapter.1}% 9
\BOOKMARK [1][-]{section.1.9}{\376\377\137\256\171\357\122\006\133\146}{chapter.1}% 10
\BOOKMARK [0][-]{chapter.2}{\376\377\173\261\116\055\174\222\133\120}{}% 11
\BOOKMARK [1][-]{section.2.1}{\376\377\137\256\122\006\145\271\172\013}{chapter.2}% 12
\BOOKMARK [1][-]{section.2.2}{\376\377\116\000\176\364\166\322\133\120\116\055\166\204\174\222\133\120}{chapter.2}% 13
\BOOKMARK [1][-]{section.2.3}{\376\377\116\000\176\364\201\352\165\061\174\222\133\120}{chapter.2}% 14
\BOOKMARK [1][-]{section.2.4}{\376\377\167\351\137\142\122\277\226\061\116\055\166\204\174\222\133\120}{chapter.2}% 15
\BOOKMARK [1][-]{section.2.5}{\376\377\226\247\172\177}{chapter.2}% 16
\BOOKMARK [0][-]{chapter.3}{\376\377\173\227\173\046}{}% 17
\BOOKMARK [1][-]{section.3.1}{\376\377\173\227\173\046}{chapter.3}% 18
\BOOKMARK [1][-]{section.3.2}{\376\377\147\054\137\201\121\375\145\160\124\214\147\054\137\201\120\074}{chapter.3}% 19
\BOOKMARK [1][-]{section.3.3}{\376\377\173\227\173\046\124\214\221\317\133\120\122\233\133\146}{chapter.3}% 20
\BOOKMARK [1][-]{section.3.4}{\376\377\116\011\176\364\131\032\174\222\133\120\166\204\205\233\133\232\214\024\145\271\172\013}{chapter.3}% 21
\BOOKMARK [1][-]{section.3.5}{\376\377\116\011\176\364\166\322\133\120\116\055\166\204\174\222\133\120}{chapter.3}% 22
\BOOKMARK [1][-]{section.3.6}{\376\377\173\200\136\166}{chapter.3}% 23
\BOOKMARK [1][-]{section.3.7}{\376\377\136\163\127\107\120\074}{chapter.3}% 24
\BOOKMARK [1][-]{section.3.8}{\376\377\154\342\121\375\145\160\166\204\176\246\147\137\147\141\116\366}{chapter.3}% 25
\BOOKMARK [0][-]{chapter.4}{\376\377\214\020\143\057\133\120}{}% 26
\BOOKMARK [1][-]{section.4.1}{\376\377\137\256\122\006\145\271\172\013\166\204\136\102\176\247\145\160\211\343}{chapter.4}% 27
\BOOKMARK [1][-]{section.4.2}{\376\377\116\000\176\364\214\020\143\057\133\120}{chapter.4}% 28
\BOOKMARK [1][-]{section.4.3}{\376\377\123\314\123\237\133\120\122\006\133\120\166\204\143\057\122\250}{chapter.4}% 29
\BOOKMARK [1][-]{section.4.4}{\376\377\116\000\176\364\133\232\140\001\205\233\133\232\214\024\145\271\172\013\166\204\145\160\120\074\211\343\154\325}{chapter.4}% 30
\BOOKMARK [0][-]{chapter.5}{\376\377\211\322\122\250\221\317}{}% 31
\BOOKMARK [1][-]{section.5.1}{\376\377\124\014\145\366\170\156\133\232\131\032\116\052\134\136\140\047}{chapter.5}% 32
\BOOKMARK [1][-]{section.5.2}{\376\377\167\342\221\317}{chapter.5}% 33
\BOOKMARK [1][-]{section.5.3}{\376\377\123\125\174\222\133\120\174\373\176\337\166\204\211\322\122\250\221\317}{chapter.5}% 34
\BOOKMARK [1][-]{section.5.4}{\376\377\211\322\122\250\221\317\226\066\150\257\173\227\173\046\154\325}{chapter.5}% 35
\BOOKMARK [0][-]{chapter.6}{\376\377\154\042\123\237\133\120}{}% 36
\BOOKMARK [1][-]{section.6.1}{\376\377\123\125\174\222\133\120\116\055\137\303\122\233\225\356\230\230}{chapter.6}% 37
\BOOKMARK [1][-]{section.6.2}{\376\377\227\136\166\370\116\222\117\134\165\050\174\222\133\120\124\214\123\330\221\317\122\006\171\273}{chapter.6}% 38
\BOOKMARK [1][-]{section.6.3}{\376\377\134\006\123\314\174\222\133\120\225\356\230\230\173\200\123\026\116\072\116\044\116\052\123\125\174\222\133\120\225\356\230\230}{chapter.6}% 39
\BOOKMARK [1][-]{section.6.4}{\376\377\123\314\174\222\133\120\166\204\122\032\140\047\217\154\133\120\152\041\127\213}{chapter.6}% 40
\BOOKMARK [1][-]{section.6.5}{\376\377\154\042\123\237\133\120}{chapter.6}% 41
\BOOKMARK [1][-]{section.6.6}{\376\377\147\137\177\032\140\001\154\042\123\237\133\120\154\342\121\375\145\160}{chapter.6}% 42
\BOOKMARK [1][-]{section.6.7}{\376\377\174\173\154\042\217\150\220\123}{chapter.6}% 43
\BOOKMARK [1][-]{section.6.8}{\376\377\130\136\146\374\145\110\136\224}{chapter.6}% 44
\BOOKMARK [1][-]{section.6.9}{\376\377\137\204\124\021\205\233\133\232\214\024\145\271\172\013\166\204\145\160\120\074\211\343\154\325}{chapter.6}% 45
\BOOKMARK [0][-]{chapter.7}{\376\377\221\317\133\120\122\233\133\146\164\006\213\272}{}% 46
\BOOKMARK [1][-]{section.7.1}{\376\377\173\046\123\367}{chapter.7}% 47
\BOOKMARK [1][-]{section.7.2}{\376\377\123\204\174\163\173\227\173\046}{chapter.7}% 48
\BOOKMARK [1][-]{section.7.3}{\376\377\165\050\147\054\137\201\121\375\145\160\134\125\137\000}{chapter.7}% 49
\BOOKMARK [1][-]{section.7.4}{\376\377\133\371\146\023\173\227\173\046\166\204\147\054\137\201\121\375\145\160}{chapter.7}% 50
\BOOKMARK [1][-]{section.7.5}{\376\377\133\207\171\360}{chapter.7}% 51
\BOOKMARK [1][-]{section.7.6}{\376\377\155\113\221\317\124\214\140\001\123\340\122\240}{chapter.7}% 52
\BOOKMARK [1][-]{section.7.7}{\376\377\117\115\177\156\147\054\137\201\121\375\145\160}{chapter.7}% 53
\BOOKMARK [1][-]{section.7.8}{\376\377\221\317\133\120\122\233\133\146\166\204\127\372\147\054\120\107\213\276}{chapter.7}% 54
\BOOKMARK [1][-]{section.7.9}{\376\377\155\113\221\317\124\214\221\317\133\120\122\233\133\146\211\343\221\312}{chapter.7}% 55
\BOOKMARK [1][-]{section.7.10}{\376\377\167\351\226\065}{chapter.7}% 56
\BOOKMARK [0][-]{chapter.8}{\376\377\123\330\122\006\154\325}{}% 57
\BOOKMARK [1][-]{section.8.1}{\376\377\123\330\122\006\164\006\213\272}{chapter.8}% 58
\BOOKMARK [1][-]{section.8.2}{\376\377\123\330\122\006\154\325\166\204\143\250\136\177}{chapter.8}% 59
\BOOKMARK [1][-]{section.8.3}{\376\377\210\114\122\027\137\017}{chapter.8}% 60
\BOOKMARK [1][-]{section.8.4}{\376\377\200\124\172\313\176\277\140\047\145\271\172\013\176\304}{chapter.8}% 61
\BOOKMARK [1][-]{section.8.5}{\376\377\176\277\140\047\123\330\122\006\121\375\145\160}{chapter.8}% 62
\BOOKMARK [1][-]{section.8.6}{\376\377\167\351\226\065\060\001\147\054\137\201\120\074\124\214\147\054\137\201\124\021\221\317}{chapter.8}% 63
\BOOKMARK [0][-]{chapter.9}{\376\377\137\256\142\160\164\006\213\272}{}% 64
\BOOKMARK [1][-]{section.9.1}{\376\377\137\256\142\160\164\006\213\272}{chapter.9}% 65
\BOOKMARK [1][-]{section.9.2}{\376\377\227\136\173\200\136\166\137\256\142\160\164\006\213\272}{chapter.9}% 66
\BOOKMARK [1][-]{section.9.3}{\376\377\137\256\142\160\164\006\213\272\154\102\211\343\127\372\140\001\154\046\123\237\133\120}{chapter.9}% 67
\BOOKMARK [1][-]{section.9.4}{\376\377\123\330\122\006\154\325\154\102\211\343\127\372\140\001\154\046}{chapter.9}% 68
\BOOKMARK [1][-]{section.9.5}{\376\377\173\200\136\166\200\375\176\247\166\204\137\256\142\160\164\006\213\272}{chapter.9}% 69
\BOOKMARK [1][-]{section.9.6}{\376\377\116\105\147\037\145\271\172\013\166\204\173\200\123\026}{chapter.9}% 70
\BOOKMARK [1][-]{section.9.7}{\376\377\137\256\142\160\164\006\213\272\131\004\164\006\154\046\123\237\133\120\173\054\116\000\157\300\123\321\140\001}{chapter.9}% 71
\BOOKMARK [1][-]{section.9.8}{\376\377\124\053\145\366\137\256\142\160\164\006\213\272}{chapter.9}% 72
\BOOKMARK [1][-]{section.9.9}{\376\377\217\220\134\004\124\214\162\151\215\050\166\204\166\370\116\222\117\134\165\050}{chapter.9}% 73
\BOOKMARK [0][-]{chapter.10}{\376\377\165\065\133\120\201\352\145\313\124\214\201\352\145\313\000-\176\337\213\241\133\232\164\006}{}% 74
\BOOKMARK [1][-]{section.10.1}{\376\377\165\065\133\120\201\352\145\313}{chapter.10}% 75
\BOOKMARK [1][-]{section.10.2}{\376\377\201\352\145\313\124\214\154\042\123\237\133\120}{chapter.10}% 76
\BOOKMARK [1][-]{section.10.3}{\376\377\201\352\145\313\000-\176\337\213\241\133\232\164\006}{chapter.10}% 77
\BOOKMARK [1][-]{section.10.4}{\376\377\154\046\123\237\133\120}{chapter.10}% 78
\BOOKMARK [1][-]{section.10.5}{\376\377\000P\000a\000u\000l\000i\116\015\166\370\133\271\123\237\164\006}{chapter.10}% 79
\BOOKMARK [1][-]{section.10.6}{\376\377\000S\000l\000a\000t\000e\000r\210\114\122\027\137\017}{chapter.10}% 80
\BOOKMARK [1][-]{section.10.7}{\376\377\137\256\142\160\164\006\213\272\154\102\211\343\127\372\140\001\225\002\123\237\133\120}{chapter.10}% 81
\BOOKMARK [1][-]{section.10.8}{\376\377\123\330\122\006\154\325\154\102\211\343\127\372\140\001\225\002\123\237\133\120}{chapter.10}% 82
\BOOKMARK [1][-]{section.10.9}{\376\377\201\352\145\313\170\301\167\351}{chapter.10}% 83
\BOOKMARK [1][-]{section.10.10}{\376\377\165\065\133\120\201\352\145\313\166\204\150\257\136\246\173\227\173\046}{chapter.10}% 84
\BOOKMARK [0][-]{chapter.11}{\376\377\131\032\165\065\133\120\123\237\133\120}{}% 85
\BOOKMARK [1][-]{section.11.1}{\376\377\000H\000a\000r\000t\000r\000e\000e\000-\000F\000o\000c\000k\201\352\155\075\127\072\145\271\154\325}{chapter.11}% 86
\BOOKMARK [1][-]{section.11.2}{\376\377\217\150\220\123\124\214\121\103\175\040\124\150\147\037\210\150}{chapter.11}% 87
\BOOKMARK [1][-]{section.11.3}{\376\377\165\065\133\120\166\370\121\163}{chapter.11}% 88
\BOOKMARK [1][-]{section.11.4}{\376\377\211\322\122\250\221\317\166\204\123\340\122\240}{chapter.11}% 89
\BOOKMARK [1][-]{section.11.5}{\376\377\131\032\165\065\133\120\123\237\133\120\166\204\211\322\122\250\221\317}{chapter.11}% 90
\BOOKMARK [1][-]{section.11.6}{\376\377\201\352\145\313\000-\217\150\220\123\200\046\124\010}{chapter.11}% 91
\BOOKMARK [1][-]{section.11.7}{\376\377\123\237\133\120\124\310\133\306\230\177\173\227\173\046}{chapter.11}% 92
\BOOKMARK [1][-]{section.11.8}{\376\377\000C\000o\000n\000d\000o\000n\000-\000S\000l\000a\000t\000e\000r\211\304\122\031}{chapter.11}% 93
\BOOKMARK [0][-]{chapter.12}{\376\377\122\006\133\120\133\371\171\360\140\047}{}% 94
\BOOKMARK [1][-]{section.12.1}{\376\377\133\371\171\360\121\103\175\040\124\214\133\371\171\360\144\315\117\134}{chapter.12}% 95
\BOOKMARK [1][-]{section.12.2}{\376\377\122\006\133\120\160\271\177\244}{chapter.12}% 96
\BOOKMARK [0][-]{chapter.13}{\376\377\123\314\123\237\133\120\122\006\133\120\166\204\165\065\133\120\176\323\147\204}{}% 97
\BOOKMARK [1][-]{section.13.1}{\376\377\000B\000o\000r\000n\000-\000O\000p\000p\000e\000n\000h\000e\000i\000m\000e\000r\217\321\117\074}{chapter.13}% 98
\BOOKMARK [1][-]{section.13.2}{\376\377\123\314\123\237\133\120\122\006\133\120\150\070\166\204\217\320\122\250}{chapter.13}% 99
\BOOKMARK [1][-]{section.13.3}{\376\377\123\237\133\120\123\125\117\115\122\066}{chapter.13}% 100
\BOOKMARK [1][-]{section.13.4}{\376\377\154\042\122\006\133\120\171\273\133\120}{chapter.13}% 101
\BOOKMARK [1][-]{section.13.5}{\376\377\000H\0002\000+\171\273\133\120\127\372\140\001\166\204\217\321\117\074\211\343}{chapter.13}% 102
\BOOKMARK [1][-]{section.13.6}{\376\377\000H\0002\000+\171\273\133\120\157\300\123\321\140\001\166\204\122\006\133\120\217\150\220\123}{chapter.13}% 103
\BOOKMARK [1][-]{section.13.7}{\376\377\124\014\150\070\123\314\123\237\133\120\122\006\133\120\166\204\122\006\133\120\217\150\220\123\147\204\127\213}{chapter.13}% 104
\BOOKMARK [1][-]{section.13.8}{\376\377\123\314\123\237\133\120\122\006\133\120\166\204\122\006\133\120\121\111\214\061\230\171}{chapter.13}% 105
\BOOKMARK [1][-]{section.13.9}{\376\377\154\042\122\006\133\120}{chapter.13}% 106
\BOOKMARK [1][-]{section.13.10}{\376\377\116\367\225\056\164\006\213\272\154\102\211\343\000H\0002}{chapter.13}% 107
\BOOKMARK [1][-]{section.13.11}{\376\377\122\006\133\120\217\150\220\123\164\006\213\272\124\214\116\367\225\056\164\006\213\272\166\204\153\324\217\203}{chapter.13}% 108
\BOOKMARK [1][-]{section.13.12}{\376\377\124\014\150\070\123\314\123\237\133\120\122\006\133\120\166\204\122\006\133\120\217\150\220\123\164\006\213\272\124\214\116\367\225\056\164\006\213\272\154\342\121\375\145\160}{chapter.13}% 109
\BOOKMARK [1][-]{section.13.13}{\376\377\000H\0002\122\006\133\120\166\204\157\300\123\321\140\001}{chapter.13}% 110
\BOOKMARK [1][-]{section.13.14}{\376\377\123\314\123\237\133\120\122\006\133\120\166\204\201\352\155\075\127\072\145\271\154\325\154\342\121\375\145\160}{chapter.13}% 111
\BOOKMARK [1][-]{section.13.15}{\376\377\122\006\133\120\217\150\220\123\164\006\213\272\131\004\164\006\137\002\150\070\123\314\123\237\133\120\122\006\133\120}{chapter.13}% 112
\BOOKMARK [1][-]{section.13.16}{\376\377\116\367\225\056\164\006\213\272\131\004\164\006\137\002\150\070\123\314\123\237\133\120\122\006\133\120}{chapter.13}% 113
\BOOKMARK [1][-]{section.13.17}{\376\377\116\367\165\065\133\120\217\321\117\074}{chapter.13}% 114
\BOOKMARK [0][-]{chapter.14}{\376\377\122\006\133\120\221\317\133\120\122\233\133\146\164\006\213\272}{}% 115
\BOOKMARK [1][-]{section.14.1}{\376\377\165\065\133\120\151\202\163\207\133\306\136\246}{chapter.14}% 116
\BOOKMARK [1][-]{section.14.2}{\376\377\120\166\147\201\167\351}{chapter.14}% 117
\BOOKMARK [1][-]{section.14.3}{\376\377\122\006\133\120\166\204\000H\000a\000r\000t\000r\000e\000e\000-\000F\000o\000c\000k\145\271\154\325}{chapter.14}% 118
\BOOKMARK [1][-]{section.14.4}{\376\377\000V\000i\000r\000i\000a\000l\164\006\213\272}{chapter.14}% 119
\BOOKMARK [1][-]{section.14.5}{\376\377\000V\000i\000r\000i\000a\000l\164\006\213\272\124\214\123\026\133\146\225\056}{chapter.14}% 120
\BOOKMARK [1][-]{section.14.6}{\376\377\000H\000e\000l\000l\000m\000a\000n\000n\000-\000F\000e\000y\000n\000m\000a\000n\164\006\213\272}{chapter.14}% 121
\BOOKMARK [1][-]{section.14.7}{\376\377\227\131\165\065\122\233\133\232\164\006}{chapter.14}% 122
\BOOKMARK [0][-]{chapter.15}{\376\377\122\006\133\120\166\204\165\065\133\120\176\323\147\204}{}% 123
\BOOKMARK [1][-]{section.15.1}{\376\377\116\316\131\064\213\241\173\227\060\001\133\306\136\246\154\333\121\375\060\001\123\112\176\317\232\214\124\214\122\006\133\120\122\233\133\146\145\271\154\325}{chapter.15}% 124
\BOOKMARK [1][-]{section.15.2}{\376\377\131\032\123\237\133\120\122\006\133\120\166\204\122\006\133\120\121\111\214\061\230\171}{chapter.15}% 125
\BOOKMARK [1][-]{section.15.3}{\376\377\201\352\155\075\127\072\145\271\154\325\060\001\122\006\133\120\217\150\220\123\164\006\213\272\154\102\211\343\131\032\123\237\133\120\122\006\133\120}{chapter.15}% 126
\BOOKMARK [1][-]{section.15.4}{\376\377\127\372\121\375\145\160}{chapter.15}% 127
\BOOKMARK [1][-]{section.15.5}{\376\377\201\352\155\075\127\072\145\271\154\325\060\001\122\006\133\120\217\150\220\123\164\006\213\272\154\102\211\343\000H\0002\000O\122\006\133\120}{chapter.15}% 128
\BOOKMARK [1][-]{section.15.6}{\376\377\136\003\134\105\122\006\147\220\124\214\225\056\176\247}{chapter.15}% 129
\BOOKMARK [1][-]{section.15.7}{\376\377\122\006\133\120\227\131\165\065\122\277\060\001\122\006\133\120\210\150\227\142\124\214\123\237\133\120\165\065\203\167}{chapter.15}% 130
\BOOKMARK [1][-]{section.15.8}{\376\377\133\232\127\337\122\006\133\120\217\150\220\123}{chapter.15}% 131
\BOOKMARK [1][-]{section.15.9}{\376\377\201\352\155\075\127\072\145\271\154\325\060\001\122\006\133\120\217\150\220\123\164\006\213\272\154\102\211\343\165\062\160\367\060\001\116\131\160\367\124\214\116\131\160\357}{chapter.15}% 132
\BOOKMARK [1][-]{section.15.10}{\376\377\122\006\133\120\176\323\147\204\133\146}{chapter.15}% 133
\BOOKMARK [1][-]{section.15.11}{\376\377\147\204\214\141\144\034\133\373}{chapter.15}% 134
\BOOKMARK [1][-]{section.15.12}{\376\377\122\006\133\120\143\057\122\250\230\221\163\207}{chapter.15}% 135
\BOOKMARK [1][-]{section.15.13}{\376\377\160\355\122\233\133\146\133\232\137\213}{chapter.15}% 136
\BOOKMARK [1][-]{section.15.14}{\376\377\116\316\131\064\213\241\173\227\145\271\154\325\166\204\221\317\133\120\123\026\133\146\172\013\136\217}{chapter.15}% 137
\BOOKMARK [1][-]{section.15.15}{\376\377\217\333\210\114\116\316\131\064\213\241\173\227}{chapter.15}% 138
\BOOKMARK [1][-]{section.15.16}{\376\377\137\353\220\037\000H\000a\000r\000t\000r\000e\000e\000-\000F\000o\000c\000k\213\241\173\227\145\271\154\325}{chapter.15}% 139
\BOOKMARK [1][-]{section.15.17}{\376\377\156\266\122\102\145\110\136\224}{chapter.15}% 140
\BOOKMARK [0][-]{chapter.16}{\376\377\165\065\133\120\121\163\200\124\145\271\154\325}{}% 141
\BOOKMARK [1][-]{section.16.1}{\376\377\121\163\200\124\200\375}{chapter.16}% 142
\BOOKMARK [1][-]{section.16.2}{\376\377\176\304\140\001\166\370\116\222\117\134\165\050}{chapter.16}% 143
\BOOKMARK [1][-]{section.16.3}{\376\377\131\032\117\123\137\256\142\160\164\006\213\272}{chapter.16}% 144
\BOOKMARK [1][-]{section.16.4}{\376\377\200\046\124\010\174\007\145\271\154\325}{chapter.16}% 145
\BOOKMARK [1][-]{section.16.5}{\376\377\133\306\136\246\154\333\121\375\164\006\213\272}{chapter.16}% 146
\BOOKMARK [1][-]{section.16.6}{\376\377\200\375\221\317\213\241\173\227\166\204\131\015\124\010\145\271\154\325}{chapter.16}% 147
\BOOKMARK [1][-]{section.16.7}{\376\377\142\151\145\143\221\317\133\120\000M\000o\000n\000t\000e\000\040\000C\000a\000r\000l\000o\154\325}{chapter.16}% 148
\BOOKMARK [1][-]{section.16.8}{\376\377\227\136\121\161\116\367\166\370\116\222\117\134\165\050}{chapter.16}% 149
\BOOKMARK [1][-]{section.16.9}{\376\377\000N\000M\000R\134\117\205\075\136\070\145\160}{chapter.16}% 150
\BOOKMARK [1][-]{section.16.10}{\376\377\170\216\210\302\154\325}{chapter.16}% 151
\BOOKMARK [1][-]{section.16.11}{\376\377\166\370\133\371\213\272\145\110\136\224}{chapter.16}% 152
\BOOKMARK [1][-]{section.16.12}{\376\377\116\367\225\056\164\006\213\272\154\102\211\343\131\032\123\237\133\120\122\006\133\120}{chapter.16}% 153
\BOOKMARK [1][-]{section.16.13}{\376\377\000G\000V\000B\377\010\136\177\116\111\116\367\225\056\154\342\121\375\145\160\377\011\060\001\000V\000B\000S\000C\000F\377\010\116\367\225\056\201\352\155\075\127\072\377\011\060\001\000B\000O\000V\000B\377\010\124\174\124\070\217\150\220\123\116\367\225\056\377\011\145\271\154\325}{chapter.16}% 154
\BOOKMARK [1][-]{section.16.14}{\376\377\123\026\133\146\123\315\136\224}{chapter.16}% 155
\BOOKMARK [0][-]{chapter.17}{\376\377\123\112\176\317\232\214\124\214\122\006\133\120\122\233\133\146\145\271\154\325\154\102\211\343\122\006\133\120}{}% 156
\BOOKMARK [1][-]{section.17.1}{\376\377\123\112\176\317\232\214\122\006\133\120\217\150\220\123\154\102\211\343\136\163\227\142\121\161\217\155\122\006\133\120}{chapter.17}% 157
\BOOKMARK [1][-]{section.17.2}{\376\377\000H\000\374\000c\000k\000e\000l\122\006\133\120\217\150\220\123\164\006\213\272}{chapter.17}% 158
\BOOKMARK [1][-]{section.17.3}{\376\377\000P\000P\000P\145\271\154\325}{chapter.17}% 159
\BOOKMARK [1][-]{section.17.4}{\376\377\116\000\202\054\166\204\123\112\176\317\232\214\122\006\133\120\217\150\220\123\124\214\133\306\136\246\154\333\121\375\145\271\154\325}{chapter.17}% 160
\BOOKMARK [1][-]{section.17.5}{\376\377\122\006\133\120\122\233\133\146\145\271\154\325}{chapter.17}% 161
\BOOKMARK [1][-]{section.17.6}{\376\377\176\317\232\214\124\214\123\112\176\317\232\214\145\271\154\325\131\004\164\006\156\266\122\102\145\110\136\224}{chapter.17}% 162
\BOOKMARK [1][-]{section.17.7}{\376\377\123\026\133\146\123\315\136\224}{chapter.17}% 163
\BOOKMARK [1][-]{section.17.8}{\376\377\221\317\133\120\123\026\133\146\166\204\147\052\147\145}{chapter.17}% 164
\BOOKMARK [0][-]{appendix.A}{\376\377\226\104\137\125}{}% 165
\BOOKMARK [1][-]{section.A.1}{\376\377\000C\000o\000m\000p\000l\000e\000x\000\040\000N\000u\000m\000b\000e\000r\000s}{appendix.A}% 166
\BOOKMARK [1][-]{section.A.2}{\376\377\000C\000a\000l\000c\000u\000l\000u\000s\000\040\000F\000o\000r\000m\000u\000l\000a\000s}{appendix.A}% 167
\BOOKMARK [0][-]{appendix.B}{\376\377\123\302\200\003\145\207\163\056}{}% 168
\BOOKMARK [0][-]{appendix.C}{\376\377\220\350\122\006\116\140\230\230\173\124\150\110}{}% 169
\BOOKMARK [0][-]{appendix.D}{\376\377\175\042\137\025}{}% 170
